{"/Users/daniellebooysen/INTERCOM-TECH-TEST/src/readFile.js": {"path":"/Users/daniellebooysen/INTERCOM-TECH-TEST/src/readFile.js","statementMap":{"0":{"start":{"line":1,"column":11},"end":{"line":1,"column":24}},"1":{"start":{"line":3,"column":0},"end":{"line":11,"column":1}},"2":{"start":{"line":4,"column":2},"end":{"line":10,"column":3}},"3":{"start":{"line":5,"column":17},"end":{"line":5,"column":50}},"4":{"start":{"line":6,"column":4},"end":{"line":6,"column":58}},"5":{"start":{"line":6,"column":40},"end":{"line":6,"column":56}},"6":{"start":{"line":9,"column":4},"end":{"line":9,"column":14}}},"fnMap":{"0":{"name":"(anonymous_0)","decl":{"start":{"line":3,"column":17},"end":{"line":3,"column":18}},"loc":{"start":{"line":3,"column":31},"end":{"line":11,"column":1}},"line":3},"1":{"name":"(anonymous_1)","decl":{"start":{"line":6,"column":32},"end":{"line":6,"column":33}},"loc":{"start":{"line":6,"column":40},"end":{"line":6,"column":56}},"line":6}},"branchMap":{},"s":{"0":1,"1":1,"2":4,"3":4,"4":4,"5":7,"6":2},"f":{"0":4,"1":7},"b":{},"_coverageSchema":"1a1c01bbd47fc00a2c39e90264f33305004495a9","hash":"de13cf3fbb5abfccd63e77d1e60124f729ebcad7"}
,"/Users/daniellebooysen/INTERCOM-TECH-TEST/src/writeFile.js": {"path":"/Users/daniellebooysen/INTERCOM-TECH-TEST/src/writeFile.js","statementMap":{"0":{"start":{"line":1,"column":11},"end":{"line":1,"column":24}},"1":{"start":{"line":3,"column":18},"end":{"line":3,"column":37}},"2":{"start":{"line":4,"column":23},"end":{"line":5,"column":28}},"3":{"start":{"line":6,"column":16},"end":{"line":6,"column":35}},"4":{"start":{"line":7,"column":21},"end":{"line":7,"column":50}},"5":{"start":{"line":9,"column":0},"end":{"line":18,"column":1}},"6":{"start":{"line":10,"column":2},"end":{"line":17,"column":3}},"7":{"start":{"line":11,"column":4},"end":{"line":11,"column":71}},"8":{"start":{"line":11,"column":20},"end":{"line":11,"column":71}},"9":{"start":{"line":12,"column":4},"end":{"line":12,"column":55}},"10":{"start":{"line":15,"column":4},"end":{"line":15,"column":40}},"11":{"start":{"line":16,"column":4},"end":{"line":16,"column":15}}},"fnMap":{"0":{"name":"(anonymous_0)","decl":{"start":{"line":9,"column":17},"end":{"line":9,"column":18}},"loc":{"start":{"line":9,"column":62},"end":{"line":18,"column":1}},"line":9}},"branchMap":{"0":{"loc":{"start":{"line":11,"column":4},"end":{"line":11,"column":71}},"type":"if","locations":[{"start":{"line":11,"column":4},"end":{"line":11,"column":71}},{"start":{"line":11,"column":4},"end":{"line":11,"column":71}}],"line":11}},"s":{"0":1,"1":1,"2":1,"3":1,"4":1,"5":1,"6":2,"7":2,"8":1,"9":2,"10":1,"11":1},"f":{"0":2},"b":{"0":[1,1]},"_coverageSchema":"1a1c01bbd47fc00a2c39e90264f33305004495a9","hash":"af005442d9457ab94eeb8456368e9d7a6ebc8641"}
,"/Users/daniellebooysen/INTERCOM-TECH-TEST/src/utils/dataToString.js": {"path":"/Users/daniellebooysen/INTERCOM-TECH-TEST/src/utils/dataToString.js","statementMap":{"0":{"start":{"line":1,"column":0},"end":{"line":5,"column":1}},"1":{"start":{"line":2,"column":2},"end":{"line":4,"column":16}},"2":{"start":{"line":3,"column":4},"end":{"line":3,"column":61}}},"fnMap":{"0":{"name":"(anonymous_0)","decl":{"start":{"line":1,"column":17},"end":{"line":1,"column":18}},"loc":{"start":{"line":1,"column":25},"end":{"line":5,"column":1}},"line":1},"1":{"name":"(anonymous_1)","decl":{"start":{"line":2,"column":18},"end":{"line":2,"column":19}},"loc":{"start":{"line":2,"column":28},"end":{"line":4,"column":3}},"line":2}},"branchMap":{},"s":{"0":1,"1":1,"2":4},"f":{"0":1,"1":4},"b":{},"_coverageSchema":"1a1c01bbd47fc00a2c39e90264f33305004495a9","hash":"8e0d559cf926ad0c8115ad6621736ecd6a37c314"}
,"/Users/daniellebooysen/INTERCOM-TECH-TEST/src/utils/formatData.js": {"path":"/Users/daniellebooysen/INTERCOM-TECH-TEST/src/utils/formatData.js","statementMap":{"0":{"start":{"line":1,"column":0},"end":{"line":8,"column":1}},"1":{"start":{"line":2,"column":2},"end":{"line":7,"column":4}},"2":{"start":{"line":3,"column":4},"end":{"line":6,"column":5}}},"fnMap":{"0":{"name":"(anonymous_0)","decl":{"start":{"line":1,"column":17},"end":{"line":1,"column":18}},"loc":{"start":{"line":1,"column":34},"end":{"line":8,"column":1}},"line":1},"1":{"name":"(anonymous_1)","decl":{"start":{"line":2,"column":25},"end":{"line":2,"column":26}},"loc":{"start":{"line":2,"column":39},"end":{"line":7,"column":3}},"line":2}},"branchMap":{},"s":{"0":1,"1":1,"2":4},"f":{"0":1,"1":4},"b":{},"_coverageSchema":"1a1c01bbd47fc00a2c39e90264f33305004495a9","hash":"5b3c59a3f05bb6536f5f02ddd28236e67723c493"}
,"/Users/daniellebooysen/INTERCOM-TECH-TEST/src/utils/isWithinRadius.js": {"path":"/Users/daniellebooysen/INTERCOM-TECH-TEST/src/utils/isWithinRadius.js","statementMap":{"0":{"start":{"line":1,"column":24},"end":{"line":1,"column":48}},"1":{"start":{"line":9,"column":0},"end":{"line":17,"column":1}},"2":{"start":{"line":9,"column":39},"end":{"line":17,"column":1}},"3":{"start":{"line":10,"column":32},"end":{"line":15,"column":3}},"4":{"start":{"line":16,"column":2},"end":{"line":16,"column":43}}},"fnMap":{"0":{"name":"(anonymous_0)","decl":{"start":{"line":9,"column":17},"end":{"line":9,"column":18}},"loc":{"start":{"line":9,"column":39},"end":{"line":17,"column":1}},"line":9},"1":{"name":"(anonymous_1)","decl":{"start":{"line":9,"column":39},"end":{"line":9,"column":40}},"loc":{"start":{"line":9,"column":53},"end":{"line":17,"column":1}},"line":9}},"branchMap":{},"s":{"0":1,"1":1,"2":4,"3":4,"4":4},"f":{"0":4,"1":4},"b":{},"_coverageSchema":"1a1c01bbd47fc00a2c39e90264f33305004495a9","hash":"61afd1b3f9945927895f3a372d636dc00f312bef"}
,"/Users/daniellebooysen/INTERCOM-TECH-TEST/src/utils/mathHelpers.js": {"path":"/Users/daniellebooysen/INTERCOM-TECH-TEST/src/utils/mathHelpers.js","statementMap":{"0":{"start":{"line":1,"column":21},"end":{"line":1,"column":25}},"1":{"start":{"line":8,"column":17},"end":{"line":10,"column":1}},"2":{"start":{"line":9,"column":2},"end":{"line":9,"column":35}},"3":{"start":{"line":20,"column":20},"end":{"line":26,"column":1}},"4":{"start":{"line":21,"column":18},"end":{"line":21,"column":65}},"5":{"start":{"line":23,"column":4},"end":{"line":24,"column":79}},"6":{"start":{"line":25,"column":2},"end":{"line":25,"column":42}},"7":{"start":{"line":28,"column":0},"end":{"line":28,"column":28}},"8":{"start":{"line":29,"column":0},"end":{"line":29,"column":34}}},"fnMap":{"0":{"name":"(anonymous_0)","decl":{"start":{"line":8,"column":17},"end":{"line":8,"column":18}},"loc":{"start":{"line":8,"column":30},"end":{"line":10,"column":1}},"line":8},"1":{"name":"(anonymous_1)","decl":{"start":{"line":20,"column":20},"end":{"line":20,"column":21}},"loc":{"start":{"line":20,"column":68},"end":{"line":26,"column":1}},"line":20}},"branchMap":{},"s":{"0":1,"1":1,"2":13,"3":1,"4":2,"5":2,"6":2,"7":1,"8":1},"f":{"0":13,"1":2},"b":{},"_coverageSchema":"1a1c01bbd47fc00a2c39e90264f33305004495a9","hash":"61ecbf59dd26aad3f45bda4bcb985bb2b09de3fb"}
,"/Users/daniellebooysen/INTERCOM-TECH-TEST/src/utils/sortData.js": {"path":"/Users/daniellebooysen/INTERCOM-TECH-TEST/src/utils/sortData.js","statementMap":{"0":{"start":{"line":1,"column":0},"end":{"line":7,"column":1}},"1":{"start":{"line":2,"column":2},"end":{"line":6,"column":5}},"2":{"start":{"line":3,"column":16},"end":{"line":3,"column":25}},"3":{"start":{"line":4,"column":16},"end":{"line":4,"column":25}},"4":{"start":{"line":5,"column":4},"end":{"line":5,"column":46}}},"fnMap":{"0":{"name":"(anonymous_0)","decl":{"start":{"line":1,"column":17},"end":{"line":1,"column":18}},"loc":{"start":{"line":1,"column":34},"end":{"line":7,"column":1}},"line":1},"1":{"name":"(anonymous_1)","decl":{"start":{"line":2,"column":26},"end":{"line":2,"column":27}},"loc":{"start":{"line":2,"column":36},"end":{"line":6,"column":3}},"line":2}},"branchMap":{"0":{"loc":{"start":{"line":5,"column":11},"end":{"line":5,"column":45}},"type":"cond-expr","locations":[{"start":{"line":5,"column":23},"end":{"line":5,"column":25}},{"start":{"line":5,"column":28},"end":{"line":5,"column":45}}],"line":5},"1":{"loc":{"start":{"line":5,"column":28},"end":{"line":5,"column":45}},"type":"cond-expr","locations":[{"start":{"line":5,"column":40},"end":{"line":5,"column":41}},{"start":{"line":5,"column":44},"end":{"line":5,"column":45}}],"line":5}},"s":{"0":1,"1":2,"2":7,"3":7,"4":7},"f":{"0":2,"1":7},"b":{"0":[2,5],"1":[4,1]},"_coverageSchema":"1a1c01bbd47fc00a2c39e90264f33305004495a9","hash":"64476d42a0fd652eaddbe52fdef9d8bca7eddea6"}
}
